Prepared cluster obj
Waits are 10 2 7 9 13
In leader() I am 1
Time to send HBs! I am 1
Time to send HBs! I am 1
Time to send HBs! I am 1
Time to send HBs! I am 1
Time to send HBs! I am 1
Time to send HBs! I am 1
Time to send HBs! I am 1
Time to send HBs! I am 1
Time to send HBs! I am 1
Time to send HBs! I am 1
Time to send HBs! I am 1
Time to send HBs! I am 1
Time to send HBs! I am 1
Time to send HBs! I am 1
Time to send HBs! I am 1
Time to send HBs! I am 1
Time to send HBs! I am 1
Time to send HBs! I am 1
Time to send HBs! I am 1
Time to send HBs! I am 1
Time to send HBs! I am 1
Time to send HBs! I am 1
Time to send HBs! I am 1
Time to send HBs! I am 1
Time to send HBs! I am 1
Time to send HBs! I am 1
Time to send HBs! I am 1
Time to send HBs! I am 1
Time to send HBs! I am 1
Time to send HBs! I am 1
Time to send HBs! I am 1
Time to send HBs! I am 1
Time to send HBs! I am 1
Time to send HBs! I am 1
Time to send HBs! I am 1
Time to send HBs! I am 1
Time to send HBs! I am 1
Time to send HBs! I am 1
Time to send HBs! I am 1
Time to send HBs! I am 1
Time to send HBs! I am 1
Time to send HBs! I am 1
Time to send HBs! I am 1
Time to send HBs! I am 1
Time to send HBs! I am 1
Time to send HBs! I am 1
Time to send HBs! I am 1
Time to send HBs! I am 1
Time to send HBs! I am 1
Time to send HBs! I am 1
Time to send HBs! I am 1
Time to send HBs! I am 1
Time to send HBs! I am 1
Time to send HBs! I am 1
Time to send HBs! I am 1
Time to send HBs! I am 1
Time to send HBs! I am 1
Time to send HBs! I am 1
Time to send HBs! I am 1
Time to send HBs! I am 1
Time to send HBs! I am 1
Time to send HBs! I am 1
Time to send HBs! I am 1
Time to send HBs! I am 1
Time to send HBs! I am 1
Time to send HBs! I am 1
Time to send HBs! I am 1
Time to send HBs! I am 1
Time to send HBs! I am 1
Time to send HBs! I am 1
Time to send HBs! I am 1
Time to send HBs! I am 1
Time to send HBs! I am 1
Time to send HBs! I am 1
Time to send HBs! I am 1
Time to send HBs! I am 1
Time to send HBs! I am 1
Time to send HBs! I am 1
Time to send HBs! I am 1
Time to send HBs! I am 1
Time to send HBs! I am 1
Time to send HBs! I am 1
Time to send HBs! I am 1
Time to send HBs! I am 1
Time to send HBs! I am 1
Time to send HBs! I am 1
Time to send HBs! I am 1
Time to send HBs! I am 1
Time to send HBs! I am 1
Time to send HBs! I am 1
Time to send HBs! I am 1
Received CA request,cmd is:  set abc 20 8
abcdefjg

Next index of 0 is 0 length of my log is 1
Next index of 2 is 0 length of my log is 1
Next index of 3 is 0 length of my log is 1
Next index of 4 is 0 length of my log is 1
Received CA request,cmd is:  set bcd 30 5
efghi

Received CA request,cmd is:  getm abc

Received CA request,cmd is:  getm bcd

Received CA request,cmd is:  delete bcd

Next index of 3 is 1 length of my log is 5
Next index of 0 is 1 length of my log is 5
Next index of 2 is 1 length of my log is 5
Next index of 2 is 2 length of my log is 5
Next index of 2 is 3 length of my log is 5
Next index of 3 is 2 length of my log is 5
Next index of 4 is 1 length of my log is 5
Next index of 0 is 2 length of my log is 5
Next index of 4 is 1 length of my log is 5
Next index of 0 is 3 length of my log is 5
Next index of 0 is 4 length of my log is 5
Next index of 3 is 2 length of my log is 5
Next index of 2 is 4 length of my log is 5
Next index of 4 is 2 length of my log is 5
Next index of 3 is 3 length of my log is 5
Next index of 4 is 2 length of my log is 5
Time to send HBs! I am 1
Next index of 3 is 4 length of my log is 5
Next index of 4 is 3 length of my log is 5
Time to send HBs! I am 1

=========Server 1 crashed now!============

In leader() I am 2
Next index of 4 is 4 length of my log is 5
Time to send HBs! I am 2
Time to send HBs! I am 2
Next index of 4 is 4 length of my log is 5
Next index of 4 is 4 length of my log is 5
Time to send HBs! I am 2
Next index of 4 is 4 length of my log is 5
Time to send HBs! I am 2
Time to send HBs! I am 2
Next index of 4 is 4 length of my log is 5
Next index of 4 is 4 length of my log is 5
Time to send HBs! I am 2
Next index of 4 is 4 length of my log is 5
Time to send HBs! I am 2
Next index of 4 is 4 length of my log is 5
Time to send HBs! I am 2
Next index of 4 is 4 length of my log is 5
In leader() I am 4
Time to send HBs! I am 4
Next index of 2 is 0 length of my log is 5
Time to send HBs! I am 4
Next index of 2 is 0 length of my log is 5
Time to send HBs! I am 4
Next index of 2 is 0 length of my log is 5
Time to send HBs! I am 4
Next index of 2 is 0 length of my log is 5
Time to send HBs! I am 4
Next index of 2 is 0 length of my log is 5
Time to send HBs! I am 4
Next index of 2 is 0 length of my log is 5
Time to send HBs! I am 4
Next index of 2 is 0 length of my log is 5
Time to send HBs! I am 4
Next index of 2 is 0 length of my log is 5
Time to send HBs! I am 4
Next index of 2 is 0 length of my log is 5
Time to send HBs! I am 4
Next index of 2 is 0 length of my log is 5
Time to send HBs! I am 4
Next index of 2 is 0 length of my log is 5
Time to send HBs! I am 4
Next index of 2 is 0 length of my log is 5
Time to send HBs! I am 4
Next index of 2 is 0 length of my log is 5
Time to send HBs! I am 4
Next index of 2 is 0 length of my log is 5
Time to send HBs! I am 4
Next index of 2 is 0 length of my log is 5
Time to send HBs! I am 4
Next index of 2 is 0 length of my log is 5
Time to send HBs! I am 4
Next index of 2 is 0 length of my log is 5
Time to send HBs! I am 4
Next index of 2 is 0 length of my log is 5
Time to send HBs! I am 4
Next index of 2 is 0 length of my log is 5
Time to send HBs! I am 4
Next index of 2 is 0 length of my log is 5
Time to send HBs! I am 4
Next index of 2 is 0 length of my log is 5
Time to send HBs! I am 4
Next index of 2 is 0 length of my log is 5
Time to send HBs! I am 4
Next index of 2 is 0 length of my log is 5
Time to send HBs! I am 4
Next index of 2 is 0 length of my log is 5
Time to send HBs! I am 4
Time to send HBs! I am 4
Next index of 2 is 0 length of my log is 5
Next index of 2 is 0 length of my log is 5
Time to send HBs! I am 4
Next index of 2 is 0 length of my log is 5
Time to send HBs! I am 4
Next index of 2 is 0 length of my log is 5
Time to send HBs! I am 4
Next index of 2 is 0 length of my log is 5
Time to send HBs! I am 4
Next index of 2 is 0 length of my log is 5
Time to send HBs! I am 4
Next index of 2 is 0 length of my log is 5
Time to send HBs! I am 4
Time to send HBs! I am 4
Next index of 2 is 0 length of my log is 5
Next index of 2 is 0 length of my log is 5
Time to send HBs! I am 4
Next index of 2 is 0 length of my log is 5
Time to send HBs! I am 4
Next index of 2 is 0 length of my log is 5
Time to send HBs! I am 4
Next index of 2 is 0 length of my log is 5
Time to send HBs! I am 4
Next index of 2 is 0 length of my log is 5
Time to send HBs! I am 4
Next index of 2 is 0 length of my log is 5
Time to send HBs! I am 4
Next index of 2 is 0 length of my log is 5
Time to send HBs! I am 4
Next index of 2 is 0 length of my log is 5
Time to send HBs! I am 4
Next index of 2 is 0 length of my log is 5
Time to send HBs! I am 4
Next index of 2 is 0 length of my log is 5
Time to send HBs! I am 4
Next index of 2 is 0 length of my log is 5
Time to send HBs! I am 4
Next index of 2 is 0 length of my log is 5
Time to send HBs! I am 4
Next index of 2 is 0 length of my log is 5
Time to send HBs! I am 4
Next index of 2 is 0 length of my log is 5
Time to send HBs! I am 4
Next index of 2 is 0 length of my log is 5
Time to send HBs! I am 4
Next index of 2 is 0 length of my log is 5
Time to send HBs! I am 4
Next index of 2 is 0 length of my log is 5
Time to send HBs! I am 4
Next index of 2 is 0 length of my log is 5
Time to send HBs! I am 4
Next index of 2 is 0 length of my log is 5
Time to send HBs! I am 4
Next index of 2 is 0 length of my log is 5
Time to send HBs! I am 4
Next index of 2 is 0 length of my log is 5
Time to send HBs! I am 4
Time to send HBs! I am 4
Next index of 2 is 0 length of my log is 5
Next index of 2 is 0 length of my log is 5
Time to send HBs! I am 4
Next index of 2 is 0 length of my log is 5
Time to send HBs! I am 4
Next index of 2 is 0 length of my log is 5
Time to send HBs! I am 4
Next index of 2 is 0 length of my log is 5
Time to send HBs! I am 4
Next index of 2 is 0 length of my log is 5
Time to send HBs! I am 4
Next index of 2 is 0 length of my log is 5
Time to send HBs! I am 4
Time to send HBs! I am 4
Next index of 2 is 0 length of my log is 5
Next index of 2 is 0 length of my log is 5
Time to send HBs! I am 4
Next index of 2 is 0 length of my log is 5
Time to send HBs! I am 4
Time to send HBs! I am 4
Next index of 2 is 0 length of my log is 5
Next index of 2 is 0 length of my log is 5
Time to send HBs! I am 4
Next index of 2 is 0 length of my log is 5
Time to send HBs! I am 4
Next index of 2 is 0 length of my log is 5
Time to send HBs! I am 4
Next index of 2 is 0 length of my log is 5
Time to send HBs! I am 4
Next index of 2 is 0 length of my log is 5
Time to send HBs! I am 4
Next index of 2 is 0 length of my log is 5
Time to send HBs! I am 4
Next index of 2 is 0 length of my log is 5
Time to send HBs! I am 4
Next index of 2 is 0 length of my log is 5
Time to send HBs! I am 4
Next index of 2 is 0 length of my log is 5
Time to send HBs! I am 4
Next index of 2 is 0 length of my log is 5
Time to send HBs! I am 4
Next index of 2 is 0 length of my log is 5
Time to send HBs! I am 4
Next index of 2 is 0 length of my log is 5
Time to send HBs! I am 4
Next index of 2 is 0 length of my log is 5
Time to send HBs! I am 4
Next index of 2 is 0 length of my log is 5
Time to send HBs! I am 4
Next index of 2 is 0 length of my log is 5
Time to send HBs! I am 4
Next index of 2 is 0 length of my log is 5
Time to send HBs! I am 4
Time to send HBs! I am 4
Next index of 2 is 0 length of my log is 5
Next index of 2 is 0 length of my log is 5
Time to send HBs! I am 4
Next index of 2 is 0 length of my log is 5
Time to send HBs! I am 4
Next index of 2 is 0 length of my log is 5
Time to send HBs! I am 4
Next index of 2 is 0 length of my log is 5
Time to send HBs! I am 4
Next index of 2 is 0 length of my log is 5
Time to send HBs! I am 4
Next index of 2 is 0 length of my log is 5
Time to send HBs! I am 4
Next index of 2 is 0 length of my log is 5
Time to send HBs! I am 4
Time to send HBs! I am 4
Next index of 2 is 0 length of my log is 5
Next index of 2 is 0 length of my log is 5
Time to send HBs! I am 4
Next index of 2 is 0 length of my log is 5
Time to send HBs! I am 4
Next index of 2 is 0 length of my log is 5
Time to send HBs! I am 4
Time to send HBs! I am 4
Next index of 2 is 0 length of my log is 5
Next index of 2 is 0 length of my log is 5
Time to send HBs! I am 4
Next index of 2 is 0 length of my log is 5
Time to send HBs! I am 4
Next index of 2 is 0 length of my log is 5
Time to send HBs! I am 4
Next index of 2 is 0 length of my log is 5
Time to send HBs! I am 4
Next index of 2 is 0 length of my log is 5
Time to send HBs! I am 4
Next index of 2 is 0 length of my log is 5
Time to send HBs! I am 4
Next index of 2 is 0 length of my log is 5
Time to send HBs! I am 4
Next index of 2 is 0 length of my log is 5
Time to send HBs! I am 4
Next index of 2 is 0 length of my log is 5
Time to send HBs! I am 4
Next index of 2 is 0 length of my log is 5
Time to send HBs! I am 4
Next index of 2 is 0 length of my log is 5
Time to send HBs! I am 4
Next index of 2 is 0 length of my log is 5
Time to send HBs! I am 4
Next index of 2 is 0 length of my log is 5
Time to send HBs! I am 4
Next index of 2 is 0 length of my log is 5
Time to send HBs! I am 4
Time to send HBs! I am 4
Next index of 2 is 0 length of my log is 5
Next index of 2 is 0 length of my log is 5
PASS
ok  	github.com/Messmania/Repositories/Distributed/assgn4	3.081s
